# JRE version: OpenJDK Runtime Environment (8.0_191-b12) (build 1.8.0_191-8u191-b12-2ubuntu0.18.04.1-b12)
# Java VM: OpenJDK 64-Bit Server VM (25.191-b12 mixed mode linux-amd64 compressed oops)
Heap:
 PSYoungGen      total 211968K, used 960K [0x00000000ec100000, 0x00000000f9f00000, 0x0000000100000000)
  eden space 196608K, 0% used [0x00000000ec100000,0x00000000ec100000,0x00000000f8100000)
  from space 15360K, 6% used [0x00000000f8100000,0x00000000f81f01f0,0x00000000f9000000)
  to   space 14848K, 0% used [0x00000000f9080000,0x00000000f9080000,0x00000000f9f00000)
 ParOldGen       total 40960K, used 28370K [0x00000000c4200000, 0x00000000c6a00000, 0x00000000ec100000)
  object space 40960K, 69% used [0x00000000c4200000,0x00000000c5db4bc8,0x00000000c6a00000)
 Metaspace       used 10043K, capacity 10446K, committed 10624K, reserved 1058816K
  class space    used 1501K, capacity 1649K, committed 1664K, reserved 1048576K
GC Heap History (10 events):
Event: 1,659 GC heap after
Heap after GC invocations=6 (full 0):
 PSYoungGen      total 78336K, used 3824K [0x00000000ec100000, 0x00000000f1e00000, 0x0000000100000000)
  eden space 61440K, 0% used [0x00000000ec100000,0x00000000ec100000,0x00000000efd00000)
  from space 16896K, 22% used [0x00000000f0d80000,0x00000000f113c250,0x00000000f1e00000)
  to   space 16896K, 0% used [0x00000000efd00000,0x00000000efd00000,0x00000000f0d80000)
 ParOldGen       total 40960K, used 26573K [0x00000000c4200000, 0x00000000c6a00000, 0x00000000ec100000)
  object space 40960K, 64% used [0x00000000c4200000,0x00000000c5bf3798,0x00000000c6a00000)
 Metaspace       used 9963K, capacity 10426K, committed 10624K, reserved 1058816K
  class space    used 1498K, capacity 1649K, committed 1664K, reserved 1048576K
}
Event: 2,125 GC heap before
{Heap before GC invocations=7 (full 0):
 PSYoungGen      total 78336K, used 65264K [0x00000000ec100000, 0x00000000f1e00000, 0x0000000100000000)
  eden space 61440K, 100% used [0x00000000ec100000,0x00000000efd00000,0x00000000efd00000)
  from space 16896K, 22% used [0x00000000f0d80000,0x00000000f113c250,0x00000000f1e00000)
  to   space 16896K, 0% used [0x00000000efd00000,0x00000000efd00000,0x00000000f0d80000)
 ParOldGen       total 40960K, used 26573K [0x00000000c4200000, 0x00000000c6a00000, 0x00000000ec100000)
  object space 40960K, 64% used [0x00000000c4200000,0x00000000c5bf3798,0x00000000c6a00000)
 Metaspace       used 10000K, capacity 10438K, committed 10624K, reserved 1058816K
  class space    used 1501K, capacity 1649K, committed 1664K, reserved 1048576K
Event: 2,129 GC heap after
Heap after GC invocations=7 (full 0):
 PSYoungGen      total 78336K, used 992K [0x00000000ec100000, 0x00000000f5a00000, 0x0000000100000000)
  eden space 61440K, 0% used [0x00000000ec100000,0x00000000ec100000,0x00000000efd00000)
  from space 16896K, 5% used [0x00000000efd00000,0x00000000efdf81b0,0x00000000f0d80000)
  to   space 16896K, 0% used [0x00000000f4980000,0x00000000f4980000,0x00000000f5a00000)
 ParOldGen       total 40960K, used 27994K [0x00000000c4200000, 0x00000000c6a00000, 0x00000000ec100000)
  object space 40960K, 68% used [0x00000000c4200000,0x00000000c5d56ba8,0x00000000c6a00000)
 Metaspace       used 10000K, capacity 10438K, committed 10624K, reserved 1058816K
  class space    used 1501K, capacity 1649K, committed 1664K, reserved 1048576K
}
Event: 2,556 GC heap before
{Heap before GC invocations=8 (full 0):
 PSYoungGen      total 78336K, used 62432K [0x00000000ec100000, 0x00000000f5a00000, 0x0000000100000000)
  eden space 61440K, 100% used [0x00000000ec100000,0x00000000efd00000,0x00000000efd00000)
  from space 16896K, 5% used [0x00000000efd00000,0x00000000efdf81b0,0x00000000f0d80000)
  to   space 16896K, 0% used [0x00000000f4980000,0x00000000f4980000,0x00000000f5a00000)
 ParOldGen       total 40960K, used 27994K [0x00000000c4200000, 0x00000000c6a00000, 0x00000000ec100000)
  object space 40960K, 68% used [0x00000000c4200000,0x00000000c5d56ba8,0x00000000c6a00000)
 Metaspace       used 10012K, capacity 10438K, committed 10624K, reserved 1058816K
  class space    used 1501K, capacity 1649K, committed 1664K, reserved 1048576K
Event: 2,558 GC heap after
Heap after GC invocations=8 (full 0):
 PSYoungGen      total 138752K, used 2464K [0x00000000ec100000, 0x00000000f5900000, 0x0000000100000000)
  eden space 122880K, 0% used [0x00000000ec100000,0x00000000ec100000,0x00000000f3900000)
  from space 15872K, 15% used [0x00000000f4980000,0x00000000f4be8220,0x00000000f5900000)
  to   space 16384K, 0% used [0x00000000f3900000,0x00000000f3900000,0x00000000f4900000)
 ParOldGen       total 40960K, used 28090K [0x00000000c4200000, 0x00000000c6a00000, 0x00000000ec100000)
  object space 40960K, 68% used [0x00000000c4200000,0x00000000c5d6eba8,0x00000000c6a00000)
 Metaspace       used 10012K, capacity 10438K, committed 10624K, reserved 1058816K
  class space    used 1501K, capacity 1649K, committed 1664K, reserved 1048576K
}
Event: 3,486 GC heap before
{Heap before GC invocations=9 (full 0):
 PSYoungGen      total 138752K, used 125344K [0x00000000ec100000, 0x00000000f5900000, 0x0000000100000000)
  eden space 122880K, 100% used [0x00000000ec100000,0x00000000f3900000,0x00000000f3900000)
  from space 15872K, 15% used [0x00000000f4980000,0x00000000f4be8220,0x00000000f5900000)
  to   space 16384K, 0% used [0x00000000f3900000,0x00000000f3900000,0x00000000f4900000)
 ParOldGen       total 40960K, used 28090K [0x00000000c4200000, 0x00000000c6a00000, 0x00000000ec100000)
  object space 40960K, 68% used [0x00000000c4200000,0x00000000c5d6eba8,0x00000000c6a00000)
 Metaspace       used 10028K, capacity 10438K, committed 10624K, reserved 1058816K
  class space    used 1501K, capacity 1649K, committed 1664K, reserved 1048576K
Event: 3,493 GC heap after
Heap after GC invocations=9 (full 0):
 PSYoungGen      total 139264K, used 2272K [0x00000000ec100000, 0x00000000fa000000, 0x0000000100000000)
  eden space 122880K, 0% used [0x00000000ec100000,0x00000000ec100000,0x00000000f3900000)
  from space 16384K, 13% used [0x00000000f3900000,0x00000000f3b38200,0x00000000f4900000)
  to   space 15872K, 0% used [0x00000000f9080000,0x00000000f9080000,0x00000000fa000000)
 ParOldGen       total 40960K, used 28346K [0x00000000c4200000, 0x00000000c6a00000, 0x00000000ec100000)
  object space 40960K, 69% used [0x00000000c4200000,0x00000000c5daebc8,0x00000000c6a00000)
 Metaspace       used 10028K, capacity 10438K, committed 10624K, reserved 1058816K
  class space    used 1501K, capacity 1649K, committed 1664K, reserved 1048576K
}
Event: 4,368 GC heap before
{Heap before GC invocations=10 (full 0):
 PSYoungGen      total 139264K, used 125152K [0x00000000ec100000, 0x00000000fa000000, 0x0000000100000000)
  eden space 122880K, 100% used [0x00000000ec100000,0x00000000f3900000,0x00000000f3900000)
  from space 16384K, 13% used [0x00000000f3900000,0x00000000f3b38200,0x00000000f4900000)
  to   space 15872K, 0% used [0x00000000f9080000,0x00000000f9080000,0x00000000fa000000)
 ParOldGen       total 40960K, used 28346K [0x00000000c4200000, 0x00000000c6a00000, 0x00000000ec100000)
  object space 40960K, 69% used [0x00000000c4200000,0x00000000c5daebc8,0x00000000c6a00000)
 Metaspace       used 10032K, capacity 10442K, committed 10624K, reserved 1058816K
  class space    used 1501K, capacity 1649K, committed 1664K, reserved 1048576K
Event: 4,370 GC heap after
Heap after GC invocations=10 (full 0):
 PSYoungGen      total 211456K, used 2400K [0x00000000ec100000, 0x00000000f9f00000, 0x0000000100000000)
  eden space 196608K, 0% used [0x00000000ec100000,0x00000000ec100000,0x00000000f8100000)
  from space 14848K, 16% used [0x00000000f9080000,0x00000000f92d8200,0x00000000f9f00000)
  to   space 15360K, 0% used [0x00000000f8100000,0x00000000f8100000,0x00000000f9000000)
 ParOldGen       total 40960K, used 28362K [0x00000000c4200000, 0x00000000c6a00000, 0x00000000ec100000)
  object space 40960K, 69% used [0x00000000c4200000,0x00000000c5db2bc8,0x00000000c6a00000)
 Metaspace       used 10032K, capacity 10442K, committed 10624K, reserved 1058816K
  class space    used 1501K, capacity 1649K, committed 1664K, reserved 1048576K
}
Event: 22,043 GC heap before
{Heap before GC invocations=11 (full 0):
 PSYoungGen      total 211456K, used 199008K [0x00000000ec100000, 0x00000000f9f00000, 0x0000000100000000)
  eden space 196608K, 100% used [0x00000000ec100000,0x00000000f8100000,0x00000000f8100000)
  from space 14848K, 16% used [0x00000000f9080000,0x00000000f92d8200,0x00000000f9f00000)
  to   space 15360K, 0% used [0x00000000f8100000,0x00000000f8100000,0x00000000f9000000)
 ParOldGen       total 40960K, used 28362K [0x00000000c4200000, 0x00000000c6a00000, 0x00000000ec100000)
  object space 40960K, 69% used [0x00000000c4200000,0x00000000c5db2bc8,0x00000000c6a00000)
 Metaspace       used 10043K, capacity 10446K, committed 10624K, reserved 1058816K
  class space    used 1501K, capacity 1649K, committed 1664K, reserved 1048576K

