# JRE version: OpenJDK Runtime Environment (8.0_191-b12) (build 1.8.0_191-8u191-b12-2ubuntu0.18.04.1-b12)
# Java VM: OpenJDK 64-Bit Server VM (25.191-b12 mixed mode linux-amd64 compressed oops)
Heap:
 PSYoungGen      total 168448K, used 21614K [0x00000000ec100000, 0x0000000100000000, 0x0000000100000000)
  eden space 114688K, 0% used [0x00000000ec100000,0x00000000ec100000,0x00000000f3100000)
  from space 53760K, 40% used [0x00000000fcb80000,0x00000000fe09b8f8,0x0000000100000000)
  to   space 105984K, 0% used [0x00000000f3100000,0x00000000f3100000,0x00000000f9880000)
 ParOldGen       total 233984K, used 233801K [0x00000000c4200000, 0x00000000d2680000, 0x00000000ec100000)
  object space 233984K, 99% used [0x00000000c4200000,0x00000000d2652610,0x00000000d2680000)
 Metaspace       used 33192K, capacity 34890K, committed 35072K, reserved 1079296K
  class space    used 4594K, capacity 4786K, committed 4864K, reserved 1048576K
GC Heap History (10 events):
Event: 6,812 GC heap after
Heap after GC invocations=12 (full 3):
 PSYoungGen      total 196096K, used 22874K [0x00000000ec100000, 0x0000000100000000, 0x0000000100000000)
  eden space 168448K, 0% used [0x00000000ec100000,0x00000000ec100000,0x00000000f6580000)
  from space 27648K, 82% used [0x00000000f6580000,0x00000000f7bd6b60,0x00000000f8080000)
  to   space 45568K, 0% used [0x00000000fd380000,0x00000000fd380000,0x0000000100000000)
 ParOldGen       total 140800K, used 77084K [0x00000000c4200000, 0x00000000ccb80000, 0x00000000ec100000)
  object space 140800K, 54% used [0x00000000c4200000,0x00000000c8d470f0,0x00000000ccb80000)
 Metaspace       used 33192K, capacity 34890K, committed 35072K, reserved 1079296K
  class space    used 4594K, capacity 4786K, committed 4864K, reserved 1048576K
}
Event: 7,074 GC heap before
{Heap before GC invocations=13 (full 3):
 PSYoungGen      total 196096K, used 191217K [0x00000000ec100000, 0x0000000100000000, 0x0000000100000000)
  eden space 168448K, 99% used [0x00000000ec100000,0x00000000f6565c98,0x00000000f6580000)
  from space 27648K, 82% used [0x00000000f6580000,0x00000000f7bd6b60,0x00000000f8080000)
  to   space 45568K, 0% used [0x00000000fd380000,0x00000000fd380000,0x0000000100000000)
 ParOldGen       total 140800K, used 77084K [0x00000000c4200000, 0x00000000ccb80000, 0x00000000ec100000)
  object space 140800K, 54% used [0x00000000c4200000,0x00000000c8d470f0,0x00000000ccb80000)
 Metaspace       used 33192K, capacity 34890K, committed 35072K, reserved 1079296K
  class space    used 4594K, capacity 4786K, committed 4864K, reserved 1048576K
Event: 7,133 GC heap after
Heap after GC invocations=13 (full 3):
 PSYoungGen      total 264704K, used 45565K [0x00000000ec100000, 0x0000000100000000, 0x0000000100000000)
  eden space 219136K, 0% used [0x00000000ec100000,0x00000000ec100000,0x00000000f9700000)
  from space 45568K, 99% used [0x00000000fd380000,0x00000000fffff6f8,0x0000000100000000)
  to   space 53760K, 0% used [0x00000000f9700000,0x00000000f9700000,0x00000000fcb80000)
 ParOldGen       total 140800K, used 98157K [0x00000000c4200000, 0x00000000ccb80000, 0x00000000ec100000)
  object space 140800K, 69% used [0x00000000c4200000,0x00000000ca1db7d8,0x00000000ccb80000)
 Metaspace       used 33192K, capacity 34890K, committed 35072K, reserved 1079296K
  class space    used 4594K, capacity 4786K, committed 4864K, reserved 1048576K
}
Event: 7,529 GC heap before
{Heap before GC invocations=14 (full 3):
 PSYoungGen      total 264704K, used 264701K [0x00000000ec100000, 0x0000000100000000, 0x0000000100000000)
  eden space 219136K, 100% used [0x00000000ec100000,0x00000000f9700000,0x00000000f9700000)
  from space 45568K, 99% used [0x00000000fd380000,0x00000000fffff6f8,0x0000000100000000)
  to   space 53760K, 0% used [0x00000000f9700000,0x00000000f9700000,0x00000000fcb80000)
 ParOldGen       total 140800K, used 98157K [0x00000000c4200000, 0x00000000ccb80000, 0x00000000ec100000)
  object space 140800K, 69% used [0x00000000c4200000,0x00000000ca1db7d8,0x00000000ccb80000)
 Metaspace       used 33192K, capacity 34890K, committed 35072K, reserved 1079296K
  class space    used 4594K, capacity 4786K, committed 4864K, reserved 1048576K
Event: 7,752 GC heap after
Heap after GC invocations=14 (full 3):
 PSYoungGen      total 272896K, used 53758K [0x00000000ec100000, 0x0000000100000000, 0x0000000100000000)
  eden space 219136K, 0% used [0x00000000ec100000,0x00000000ec100000,0x00000000f9700000)
  from space 53760K, 99% used [0x00000000f9700000,0x00000000fcb7fa00,0x00000000fcb80000)
  to   space 53760K, 0% used [0x00000000fcb80000,0x00000000fcb80000,0x0000000100000000)
 ParOldGen       total 147456K, used 147420K [0x00000000c4200000, 0x00000000cd200000, 0x00000000ec100000)
  object space 147456K, 99% used [0x00000000c4200000,0x00000000cd1f7210,0x00000000cd200000)
 Metaspace       used 33192K, capacity 34890K, committed 35072K, reserved 1079296K
  class space    used 4594K, capacity 4786K, committed 4864K, reserved 1048576K
}
Event: 7,752 GC heap before
{Heap before GC invocations=15 (full 4):
 PSYoungGen      total 272896K, used 53758K [0x00000000ec100000, 0x0000000100000000, 0x0000000100000000)
  eden space 219136K, 0% used [0x00000000ec100000,0x00000000ec100000,0x00000000f9700000)
  from space 53760K, 99% used [0x00000000f9700000,0x00000000fcb7fa00,0x00000000fcb80000)
  to   space 53760K, 0% used [0x00000000fcb80000,0x00000000fcb80000,0x0000000100000000)
 ParOldGen       total 147456K, used 147420K [0x00000000c4200000, 0x00000000cd200000, 0x00000000ec100000)
  object space 147456K, 99% used [0x00000000c4200000,0x00000000cd1f7210,0x00000000cd200000)
 Metaspace       used 33192K, capacity 34890K, committed 35072K, reserved 1079296K
  class space    used 4594K, capacity 4786K, committed 4864K, reserved 1048576K
Event: 7,893 GC heap after
Heap after GC invocations=15 (full 4):
 PSYoungGen      total 272896K, used 51045K [0x00000000ec100000, 0x0000000100000000, 0x0000000100000000)
  eden space 219136K, 0% used [0x00000000ec100000,0x00000000ec100000,0x00000000f9700000)
  from space 53760K, 94% used [0x00000000f9700000,0x00000000fc8d9758,0x00000000fcb80000)
  to   space 53760K, 0% used [0x00000000fcb80000,0x00000000fcb80000,0x0000000100000000)
 ParOldGen       total 233984K, used 147230K [0x00000000c4200000, 0x00000000d2680000, 0x00000000ec100000)
  object space 233984K, 62% used [0x00000000c4200000,0x00000000cd1c7b60,0x00000000d2680000)
 Metaspace       used 33192K, capacity 34890K, committed 35072K, reserved 1079296K
  class space    used 4594K, capacity 4786K, committed 4864K, reserved 1048576K
}
Event: 8,307 GC heap before
{Heap before GC invocations=16 (full 4):
 PSYoungGen      total 272896K, used 270181K [0x00000000ec100000, 0x0000000100000000, 0x0000000100000000)
  eden space 219136K, 100% used [0x00000000ec100000,0x00000000f9700000,0x00000000f9700000)
  from space 53760K, 94% used [0x00000000f9700000,0x00000000fc8d9758,0x00000000fcb80000)
  to   space 53760K, 0% used [0x00000000fcb80000,0x00000000fcb80000,0x0000000100000000)
 ParOldGen       total 233984K, used 147230K [0x00000000c4200000, 0x00000000d2680000, 0x00000000ec100000)
  object space 233984K, 62% used [0x00000000c4200000,0x00000000cd1c7b60,0x00000000d2680000)
 Metaspace       used 33192K, capacity 34890K, committed 35072K, reserved 1079296K
  class space    used 4594K, capacity 4786K, committed 4864K, reserved 1048576K
Event: 8,476 GC heap after
Heap after GC invocations=16 (full 4):
 PSYoungGen      total 168448K, used 53758K [0x00000000ec100000, 0x0000000100000000, 0x0000000100000000)
  eden space 114688K, 0% used [0x00000000ec100000,0x00000000ec100000,0x00000000f3100000)
  from space 53760K, 99% used [0x00000000fcb80000,0x00000000fffff9f8,0x0000000100000000)
  to   space 105984K, 0% used [0x00000000f3100000,0x00000000f3100000,0x00000000f9880000)
 ParOldGen       total 233984K, used 203161K [0x00000000c4200000, 0x00000000d2680000, 0x00000000ec100000)
  object space 233984K, 86% used [0x00000000c4200000,0x00000000d0866440,0x00000000d2680000)
 Metaspace       used 33192K, capacity 34890K, committed 35072K, reserved 1079296K
  class space    used 4594K, capacity 4786K, committed 4864K, reserved 1048576K
}
Event: 8,476 GC heap before
{Heap before GC invocations=17 (full 5):
 PSYoungGen      total 168448K, used 53758K [0x00000000ec100000, 0x0000000100000000, 0x0000000100000000)
  eden space 114688K, 0% used [0x00000000ec100000,0x00000000ec100000,0x00000000f3100000)
  from space 53760K, 99% used [0x00000000fcb80000,0x00000000fffff9f8,0x0000000100000000)
  to   space 105984K, 0% used [0x00000000f3100000,0x00000000f3100000,0x00000000f9880000)
 ParOldGen       total 233984K, used 203161K [0x00000000c4200000, 0x00000000d2680000, 0x00000000ec100000)
  object space 233984K, 86% used [0x00000000c4200000,0x00000000d0866440,0x00000000d2680000)
 Metaspace       used 33192K, capacity 34890K, committed 35072K, reserved 1079296K
  class space    used 4594K, capacity 4786K, committed 4864K, reserved 1048576K

