# JRE version: OpenJDK Runtime Environment (8.0_191-b12) (build 1.8.0_191-8u191-b12-2ubuntu0.18.04.1-b12)
# Java VM: OpenJDK 64-Bit Server VM (25.191-b12 mixed mode linux-amd64 compressed oops)
Heap:
 PSYoungGen      total 244224K, used 53983K [0x00000000ec100000, 0x0000000100000000, 0x0000000100000000)
  eden space 166400K, 0% used [0x00000000ec100000,0x00000000ec100000,0x00000000f6380000)
  from space 77824K, 69% used [0x00000000f6380000,0x00000000f9837d50,0x00000000faf80000)
  to   space 82432K, 0% used [0x00000000faf80000,0x00000000faf80000,0x0000000100000000)
 ParOldGen       total 343552K, used 343428K [0x00000000c4200000, 0x00000000d9180000, 0x00000000ec100000)
  object space 343552K, 99% used [0x00000000c4200000,0x00000000d9161030,0x00000000d9180000)
 Metaspace       used 33181K, capacity 34890K, committed 35072K, reserved 1079296K
  class space    used 4595K, capacity 4791K, committed 4864K, reserved 1048576K
GC Heap History (10 events):
Event: 15,471 GC heap after
Heap after GC invocations=20 (full 4):
 PSYoungGen      total 204800K, used 41420K [0x00000000ec100000, 0x00000000fea80000, 0x0000000100000000)
  eden space 149504K, 0% used [0x00000000ec100000,0x00000000ec100000,0x00000000f5300000)
  from space 55296K, 74% used [0x00000000f8d80000,0x00000000fb5f3108,0x00000000fc380000)
  to   space 59904K, 0% used [0x00000000f5300000,0x00000000f5300000,0x00000000f8d80000)
 ParOldGen       total 211968K, used 147336K [0x00000000c4200000, 0x00000000d1100000, 0x00000000ec100000)
  object space 211968K, 69% used [0x00000000c4200000,0x00000000cd1e20e0,0x00000000d1100000)
 Metaspace       used 33158K, capacity 34878K, committed 35072K, reserved 1079296K
  class space    used 4589K, capacity 4786K, committed 4864K, reserved 1048576K
}
Event: 19,008 GC heap before
{Heap before GC invocations=21 (full 4):
 PSYoungGen      total 204800K, used 190924K [0x00000000ec100000, 0x00000000fea80000, 0x0000000100000000)
  eden space 149504K, 100% used [0x00000000ec100000,0x00000000f5300000,0x00000000f5300000)
  from space 55296K, 74% used [0x00000000f8d80000,0x00000000fb5f3108,0x00000000fc380000)
  to   space 59904K, 0% used [0x00000000f5300000,0x00000000f5300000,0x00000000f8d80000)
 ParOldGen       total 211968K, used 147336K [0x00000000c4200000, 0x00000000d1100000, 0x00000000ec100000)
  object space 211968K, 69% used [0x00000000c4200000,0x00000000cd1e20e0,0x00000000d1100000)
 Metaspace       used 33158K, capacity 34878K, committed 35072K, reserved 1079296K
  class space    used 4589K, capacity 4786K, committed 4864K, reserved 1048576K
Event: 19,049 GC heap after
Heap after GC invocations=21 (full 4):
 PSYoungGen      total 209408K, used 59891K [0x00000000ec100000, 0x00000000ffb80000, 0x0000000100000000)
  eden space 149504K, 0% used [0x00000000ec100000,0x00000000ec100000,0x00000000f5300000)
  from space 59904K, 99% used [0x00000000f5300000,0x00000000f8d7cd28,0x00000000f8d80000)
  to   space 77824K, 0% used [0x00000000faf80000,0x00000000faf80000,0x00000000ffb80000)
 ParOldGen       total 211968K, used 167778K [0x00000000c4200000, 0x00000000d1100000, 0x00000000ec100000)
  object space 211968K, 79% used [0x00000000c4200000,0x00000000ce5d8830,0x00000000d1100000)
 Metaspace       used 33158K, capacity 34878K, committed 35072K, reserved 1079296K
  class space    used 4589K, capacity 4786K, committed 4864K, reserved 1048576K
}
Event: 19,854 GC heap before
{Heap before GC invocations=22 (full 4):
 PSYoungGen      total 209408K, used 209395K [0x00000000ec100000, 0x00000000ffb80000, 0x0000000100000000)
  eden space 149504K, 100% used [0x00000000ec100000,0x00000000f5300000,0x00000000f5300000)
  from space 59904K, 99% used [0x00000000f5300000,0x00000000f8d7cd28,0x00000000f8d80000)
  to   space 77824K, 0% used [0x00000000faf80000,0x00000000faf80000,0x00000000ffb80000)
 ParOldGen       total 211968K, used 167778K [0x00000000c4200000, 0x00000000d1100000, 0x00000000ec100000)
  object space 211968K, 79% used [0x00000000c4200000,0x00000000ce5d8830,0x00000000d1100000)
 Metaspace       used 33158K, capacity 34878K, committed 35072K, reserved 1079296K
  class space    used 4589K, capacity 4786K, committed 4864K, reserved 1048576K
Event: 20,358 GC heap after
Heap after GC invocations=22 (full 4):
 PSYoungGen      total 244224K, used 41616K [0x00000000ec100000, 0x0000000100000000, 0x0000000100000000)
  eden space 166400K, 0% used [0x00000000ec100000,0x00000000ec100000,0x00000000f6380000)
  from space 77824K, 53% used [0x00000000faf80000,0x00000000fd824250,0x00000000ffb80000)
  to   space 77824K, 0% used [0x00000000f6380000,0x00000000f6380000,0x00000000faf80000)
 ParOldGen       total 226304K, used 225863K [0x00000000c4200000, 0x00000000d1f00000, 0x00000000ec100000)
  object space 226304K, 99% used [0x00000000c4200000,0x00000000d1e91c68,0x00000000d1f00000)
 Metaspace       used 33158K, capacity 34878K, committed 35072K, reserved 1079296K
  class space    used 4589K, capacity 4786K, committed 4864K, reserved 1048576K
}
Event: 20,512 GC heap before
{Heap before GC invocations=23 (full 5):
 PSYoungGen      total 244224K, used 41616K [0x00000000ec100000, 0x0000000100000000, 0x0000000100000000)
  eden space 166400K, 0% used [0x00000000ec100000,0x00000000ec100000,0x00000000f6380000)
  from space 77824K, 53% used [0x00000000faf80000,0x00000000fd824250,0x00000000ffb80000)
  to   space 77824K, 0% used [0x00000000f6380000,0x00000000f6380000,0x00000000faf80000)
 ParOldGen       total 226304K, used 225863K [0x00000000c4200000, 0x00000000d1f00000, 0x00000000ec100000)
  object space 226304K, 99% used [0x00000000c4200000,0x00000000d1e91c68,0x00000000d1f00000)
 Metaspace       used 33158K, capacity 34878K, committed 35072K, reserved 1079296K
  class space    used 4589K, capacity 4786K, committed 4864K, reserved 1048576K
Event: 21,570 GC heap after
Heap after GC invocations=23 (full 5):
 PSYoungGen      total 244224K, used 39813K [0x00000000ec100000, 0x0000000100000000, 0x0000000100000000)
  eden space 166400K, 0% used [0x00000000ec100000,0x00000000ec100000,0x00000000f6380000)
  from space 77824K, 51% used [0x00000000faf80000,0x00000000fd661588,0x00000000ffb80000)
  to   space 77824K, 0% used [0x00000000f6380000,0x00000000f6380000,0x00000000faf80000)
 ParOldGen       total 343552K, used 225913K [0x00000000c4200000, 0x00000000d9180000, 0x00000000ec100000)
  object space 343552K, 65% used [0x00000000c4200000,0x00000000d1e9e4d0,0x00000000d9180000)
 Metaspace       used 33158K, capacity 34878K, committed 35072K, reserved 1079296K
  class space    used 4589K, capacity 4786K, committed 4864K, reserved 1048576K
}
Event: 22,856 GC heap before
{Heap before GC invocations=24 (full 5):
 PSYoungGen      total 244224K, used 206213K [0x00000000ec100000, 0x0000000100000000, 0x0000000100000000)
  eden space 166400K, 100% used [0x00000000ec100000,0x00000000f6380000,0x00000000f6380000)
  from space 77824K, 51% used [0x00000000faf80000,0x00000000fd661588,0x00000000ffb80000)
  to   space 77824K, 0% used [0x00000000f6380000,0x00000000f6380000,0x00000000faf80000)
 ParOldGen       total 343552K, used 225913K [0x00000000c4200000, 0x00000000d9180000, 0x00000000ec100000)
  object space 343552K, 65% used [0x00000000c4200000,0x00000000d1e9e4d0,0x00000000d9180000)
 Metaspace       used 33181K, capacity 34890K, committed 35072K, reserved 1079296K
  class space    used 4595K, capacity 4791K, committed 4864K, reserved 1048576K
Event: 23,576 GC heap after
Heap after GC invocations=24 (full 5):
 PSYoungGen      total 244224K, used 77809K [0x00000000ec100000, 0x0000000100000000, 0x0000000100000000)
  eden space 166400K, 0% used [0x00000000ec100000,0x00000000ec100000,0x00000000f6380000)
  from space 77824K, 99% used [0x00000000f6380000,0x00000000faf7c4b8,0x00000000faf80000)
  to   space 82432K, 0% used [0x00000000faf80000,0x00000000faf80000,0x0000000100000000)
 ParOldGen       total 343552K, used 323143K [0x00000000c4200000, 0x00000000d9180000, 0x00000000ec100000)
  object space 343552K, 94% used [0x00000000c4200000,0x00000000d7d91d60,0x00000000d9180000)
 Metaspace       used 33181K, capacity 34890K, committed 35072K, reserved 1079296K
  class space    used 4595K, capacity 4791K, committed 4864K, reserved 1048576K
}
Event: 23,576 GC heap before
{Heap before GC invocations=25 (full 6):
 PSYoungGen      total 244224K, used 77809K [0x00000000ec100000, 0x0000000100000000, 0x0000000100000000)
  eden space 166400K, 0% used [0x00000000ec100000,0x00000000ec100000,0x00000000f6380000)
  from space 77824K, 99% used [0x00000000f6380000,0x00000000faf7c4b8,0x00000000faf80000)
  to   space 82432K, 0% used [0x00000000faf80000,0x00000000faf80000,0x0000000100000000)
 ParOldGen       total 343552K, used 323143K [0x00000000c4200000, 0x00000000d9180000, 0x00000000ec100000)
  object space 343552K, 94% used [0x00000000c4200000,0x00000000d7d91d60,0x00000000d9180000)
 Metaspace       used 33181K, capacity 34890K, committed 35072K, reserved 1079296K
  class space    used 4595K, capacity 4791K, committed 4864K, reserved 1048576K

