# JRE version: OpenJDK Runtime Environment (8.0_191-b12) (build 1.8.0_191-8u191-b12-2ubuntu0.18.04.1-b12)
# Java VM: OpenJDK 64-Bit Server VM (25.191-b12 mixed mode linux-amd64 compressed oops)
Heap:
 PSYoungGen      total 89600K, used 34746K [0x00000000ec100000, 0x00000000f8480000, 0x0000000100000000)
  eden space 32256K, 0% used [0x00000000ec100000,0x00000000ec100000,0x00000000ee080000)
  from space 57344K, 60% used [0x00000000f2880000,0x00000000f4a6e8a0,0x00000000f6080000)
  to   space 73728K, 0% used [0x00000000ee080000,0x00000000ee080000,0x00000000f2880000)
 ParOldGen       total 128000K, used 127928K [0x00000000c4200000, 0x00000000cbf00000, 0x00000000ec100000)
  object space 128000K, 99% used [0x00000000c4200000,0x00000000cbeee0b8,0x00000000cbf00000)
 Metaspace       used 8603K, capacity 9164K, committed 9344K, reserved 1056768K
  class space    used 1281K, capacity 1361K, committed 1408K, reserved 1048576K
GC Heap History (10 events):
Event: 1,141 GC heap after
Heap after GC invocations=6 (full 1):
 PSYoungGen      total 33280K, used 2560K [0x00000000ec100000, 0x00000000f2300000, 0x0000000100000000)
  eden space 30720K, 0% used [0x00000000ec100000,0x00000000ec100000,0x00000000edf00000)
  from space 2560K, 100% used [0x00000000edf00000,0x00000000ee180000,0x00000000ee180000)
  to   space 30208K, 0% used [0x00000000f0580000,0x00000000f0580000,0x00000000f2300000)
 ParOldGen       total 66560K, used 63086K [0x00000000c4200000, 0x00000000c8300000, 0x00000000ec100000)
  object space 66560K, 94% used [0x00000000c4200000,0x00000000c7f9bab8,0x00000000c8300000)
 Metaspace       used 8603K, capacity 9164K, committed 9344K, reserved 1056768K
  class space    used 1281K, capacity 1361K, committed 1408K, reserved 1048576K
}
Event: 1,141 GC heap before
{Heap before GC invocations=7 (full 2):
 PSYoungGen      total 33280K, used 2560K [0x00000000ec100000, 0x00000000f2300000, 0x0000000100000000)
  eden space 30720K, 0% used [0x00000000ec100000,0x00000000ec100000,0x00000000edf00000)
  from space 2560K, 100% used [0x00000000edf00000,0x00000000ee180000,0x00000000ee180000)
  to   space 30208K, 0% used [0x00000000f0580000,0x00000000f0580000,0x00000000f2300000)
 ParOldGen       total 66560K, used 63086K [0x00000000c4200000, 0x00000000c8300000, 0x00000000ec100000)
  object space 66560K, 94% used [0x00000000c4200000,0x00000000c7f9bab8,0x00000000c8300000)
 Metaspace       used 8603K, capacity 9164K, committed 9344K, reserved 1056768K
  class space    used 1281K, capacity 1361K, committed 1408K, reserved 1048576K
Event: 1,833 GC heap after
Heap after GC invocations=7 (full 2):
 PSYoungGen      total 33280K, used 0K [0x00000000ec100000, 0x00000000f2300000, 0x0000000100000000)
  eden space 30720K, 0% used [0x00000000ec100000,0x00000000ec100000,0x00000000edf00000)
  from space 2560K, 0% used [0x00000000edf00000,0x00000000edf00000,0x00000000ee180000)
  to   space 30208K, 0% used [0x00000000f0580000,0x00000000f0580000,0x00000000f2300000)
 ParOldGen       total 128000K, used 65400K [0x00000000c4200000, 0x00000000cbf00000, 0x00000000ec100000)
  object space 128000K, 51% used [0x00000000c4200000,0x00000000c81de1d8,0x00000000cbf00000)
 Metaspace       used 8603K, capacity 9164K, committed 9344K, reserved 1056768K
  class space    used 1281K, capacity 1361K, committed 1408K, reserved 1048576K
}
Event: 1,852 GC heap before
{Heap before GC invocations=8 (full 2):
 PSYoungGen      total 33280K, used 30720K [0x00000000ec100000, 0x00000000f2300000, 0x0000000100000000)
  eden space 30720K, 100% used [0x00000000ec100000,0x00000000edf00000,0x00000000edf00000)
  from space 2560K, 0% used [0x00000000edf00000,0x00000000edf00000,0x00000000ee180000)
  to   space 30208K, 0% used [0x00000000f0580000,0x00000000f0580000,0x00000000f2300000)
 ParOldGen       total 128000K, used 65400K [0x00000000c4200000, 0x00000000cbf00000, 0x00000000ec100000)
  object space 128000K, 51% used [0x00000000c4200000,0x00000000c81de1d8,0x00000000cbf00000)
 Metaspace       used 8603K, capacity 9164K, committed 9344K, reserved 1056768K
  class space    used 1281K, capacity 1361K, committed 1408K, reserved 1048576K
Event: 1,898 GC heap after
Heap after GC invocations=8 (full 2):
 PSYoungGen      total 63488K, used 30208K [0x00000000ec100000, 0x00000000f3180000, 0x0000000100000000)
  eden space 33280K, 0% used [0x00000000ec100000,0x00000000ec100000,0x00000000ee180000)
  from space 30208K, 100% used [0x00000000f0580000,0x00000000f2300000,0x00000000f2300000)
  to   space 36864K, 0% used [0x00000000ee180000,0x00000000ee180000,0x00000000f0580000)
 ParOldGen       total 128000K, used 66016K [0x00000000c4200000, 0x00000000cbf00000, 0x00000000ec100000)
  object space 128000K, 51% used [0x00000000c4200000,0x00000000c82781d8,0x00000000cbf00000)
 Metaspace       used 8603K, capacity 9164K, committed 9344K, reserved 1056768K
  class space    used 1281K, capacity 1361K, committed 1408K, reserved 1048576K
}
Event: 1,913 GC heap before
{Heap before GC invocations=9 (full 2):
 PSYoungGen      total 63488K, used 63488K [0x00000000ec100000, 0x00000000f3180000, 0x0000000100000000)
  eden space 33280K, 100% used [0x00000000ec100000,0x00000000ee180000,0x00000000ee180000)
  from space 30208K, 100% used [0x00000000f0580000,0x00000000f2300000,0x00000000f2300000)
  to   space 36864K, 0% used [0x00000000ee180000,0x00000000ee180000,0x00000000f0580000)
 ParOldGen       total 128000K, used 66016K [0x00000000c4200000, 0x00000000cbf00000, 0x00000000ec100000)
  object space 128000K, 51% used [0x00000000c4200000,0x00000000c82781d8,0x00000000cbf00000)
 Metaspace       used 8603K, capacity 9164K, committed 9344K, reserved 1056768K
  class space    used 1281K, capacity 1361K, committed 1408K, reserved 1048576K
Event: 2,219 GC heap after
Heap after GC invocations=9 (full 2):
 PSYoungGen      total 70144K, used 36864K [0x00000000ec100000, 0x00000000f6080000, 0x0000000100000000)
  eden space 33280K, 0% used [0x00000000ec100000,0x00000000ec100000,0x00000000ee180000)
  from space 36864K, 100% used [0x00000000ee180000,0x00000000f0580000,0x00000000f0580000)
  to   space 57344K, 0% used [0x00000000f2880000,0x00000000f2880000,0x00000000f6080000)
 ParOldGen       total 128000K, used 92792K [0x00000000c4200000, 0x00000000cbf00000, 0x00000000ec100000)
  object space 128000K, 72% used [0x00000000c4200000,0x00000000c9c9e1d8,0x00000000cbf00000)
 Metaspace       used 8603K, capacity 9164K, committed 9344K, reserved 1056768K
  class space    used 1281K, capacity 1361K, committed 1408K, reserved 1048576K
}
Event: 2,241 GC heap before
{Heap before GC invocations=10 (full 2):
 PSYoungGen      total 70144K, used 70144K [0x00000000ec100000, 0x00000000f6080000, 0x0000000100000000)
  eden space 33280K, 100% used [0x00000000ec100000,0x00000000ee180000,0x00000000ee180000)
  from space 36864K, 100% used [0x00000000ee180000,0x00000000f0580000,0x00000000f0580000)
  to   space 57344K, 0% used [0x00000000f2880000,0x00000000f2880000,0x00000000f6080000)
 ParOldGen       total 128000K, used 92792K [0x00000000c4200000, 0x00000000cbf00000, 0x00000000ec100000)
  object space 128000K, 72% used [0x00000000c4200000,0x00000000c9c9e1d8,0x00000000cbf00000)
 Metaspace       used 8603K, capacity 9164K, committed 9344K, reserved 1056768K
  class space    used 1281K, capacity 1361K, committed 1408K, reserved 1048576K
Event: 2,440 GC heap after
Heap after GC invocations=10 (full 2):
 PSYoungGen      total 89600K, used 57344K [0x00000000ec100000, 0x00000000f8480000, 0x0000000100000000)
  eden space 32256K, 0% used [0x00000000ec100000,0x00000000ec100000,0x00000000ee080000)
  from space 57344K, 100% used [0x00000000f2880000,0x00000000f6080000,0x00000000f6080000)
  to   space 73728K, 0% used [0x00000000ee080000,0x00000000ee080000,0x00000000f2880000)
 ParOldGen       total 128000K, used 105728K [0x00000000c4200000, 0x00000000cbf00000, 0x00000000ec100000)
  object space 128000K, 82% used [0x00000000c4200000,0x00000000ca9401d8,0x00000000cbf00000)
 Metaspace       used 8603K, capacity 9164K, committed 9344K, reserved 1056768K
  class space    used 1281K, capacity 1361K, committed 1408K, reserved 1048576K
}
Event: 2,443 GC heap before
{Heap before GC invocations=11 (full 3):
 PSYoungGen      total 89600K, used 57344K [0x00000000ec100000, 0x00000000f8480000, 0x0000000100000000)
  eden space 32256K, 0% used [0x00000000ec100000,0x00000000ec100000,0x00000000ee080000)
  from space 57344K, 100% used [0x00000000f2880000,0x00000000f6080000,0x00000000f6080000)
  to   space 73728K, 0% used [0x00000000ee080000,0x00000000ee080000,0x00000000f2880000)
 ParOldGen       total 128000K, used 105728K [0x00000000c4200000, 0x00000000cbf00000, 0x00000000ec100000)
  object space 128000K, 82% used [0x00000000c4200000,0x00000000ca9401d8,0x00000000cbf00000)
 Metaspace       used 8603K, capacity 9164K, committed 9344K, reserved 1056768K
  class space    used 1281K, capacity 1361K, committed 1408K, reserved 1048576K

